<?xml version="1.0" encoding="UTF-8"?>
<testng-results skipped="0" failed="0" ignored="0" total="1" passed="1">
  <reporter-output>
  </reporter-output>
  <suite name="Suite1" duration-ms="14192" started-at="2018-05-30T15:07:07Z" finished-at="2018-05-30T15:07:21Z">
    <groups>
    </groups>
    <test name="ui_test" duration-ms="14192" started-at="2018-05-30T15:07:07Z" finished-at="2018-05-30T15:07:21Z">
      <class name="MailCheckerTest">
        <test-method status="PASS" signature="setup(enums.BrowserEnum)[pri:0, instance:MailCheckerTest@35fb3008]" name="setup" is-config="true" duration-ms="4869" started-at="2018-05-30T15:07:07Z" finished-at="2018-05-30T15:07:12Z">
          <params>
            <param index="0">
              <value>
                <![CDATA[FIREFOX]]>
              </value>
            </param>
          </params>
          <reporter-output>
          </reporter-output>
        </test-method> <!-- setup -->
        <test-method status="PASS" signature="gmailTest()[pri:0, instance:MailCheckerTest@35fb3008]" name="gmailTest" duration-ms="8197" started-at="2018-05-30T15:07:12Z" finished-at="2018-05-30T15:07:20Z">
          <reporter-output>
          </reporter-output>
        </test-method> <!-- gmailTest -->
        <test-method status="PASS" signature="tearDown()[pri:0, instance:MailCheckerTest@35fb3008]" name="tearDown" is-config="true" duration-ms="1108" started-at="2018-05-30T15:07:20Z" finished-at="2018-05-30T15:07:21Z">
          <reporter-output>
          </reporter-output>
        </test-method> <!-- tearDown -->
      </class> <!-- MailCheckerTest -->
    </test> <!-- ui_test -->
  </suite> <!-- Suite1 -->
</testng-results>
