<?xml version="1.0" encoding="UTF-8"?>
<testng-results skipped="0" failed="0" ignored="0" total="1" passed="1">
  <reporter-output>
  </reporter-output>
  <suite name="Suite1" duration-ms="8609" started-at="2018-05-29T13:06:23Z" finished-at="2018-05-29T13:06:32Z">
    <groups>
    </groups>
    <test name="ui_test" duration-ms="8609" started-at="2018-05-29T13:06:23Z" finished-at="2018-05-29T13:06:32Z">
      <class name="MailCheckerTest">
        <test-method status="PASS" signature="setup(enums.BrowserEnum)[pri:0, instance:MailCheckerTest@3cbbc1e0]" name="setup" is-config="true" duration-ms="2802" started-at="2018-05-29T13:06:23Z" finished-at="2018-05-29T13:06:26Z">
          <params>
            <param index="0">
              <value>
                <![CDATA[FIREFOX]]>
              </value>
            </param>
          </params>
          <reporter-output>
          </reporter-output>
        </test-method> <!-- setup -->
        <test-method status="PASS" signature="gmailTest()[pri:0, instance:MailCheckerTest@3cbbc1e0]" name="gmailTest" duration-ms="4262" started-at="2018-05-29T13:06:26Z" finished-at="2018-05-29T13:06:30Z">
          <reporter-output>
          </reporter-output>
        </test-method> <!-- gmailTest -->
        <test-method status="PASS" signature="tearDown()[pri:0, instance:MailCheckerTest@3cbbc1e0]" name="tearDown" is-config="true" duration-ms="1525" started-at="2018-05-29T13:06:30Z" finished-at="2018-05-29T13:06:32Z">
          <reporter-output>
          </reporter-output>
        </test-method> <!-- tearDown -->
      </class> <!-- MailCheckerTest -->
    </test> <!-- ui_test -->
  </suite> <!-- Suite1 -->
</testng-results>
